
*** Running vivado
    with args -log ri_rs.vds -m64 -product Vivado -mode batch -messageDb vivado.pb -notrace -source ri_rs.tcl


****** Vivado v2025.1 (64-bit)
  **** SW Build 6140274 on Wed May 21 22:58:25 MDT 2025
  **** IP Build 6138677 on Thu May 22 03:10:11 MDT 2025
  **** SharedData Build 6139179 on Tue May 20 17:58:58 MDT 2025
  **** Start of session at: Thu Dec  4 23:42:27 2025
    ** Copyright 1986-2022 Xilinx, Inc. All Rights Reserved.
    ** Copyright 2022-2025 Advanced Micro Devices, Inc. All Rights Reserved.

source ri_rs.tcl -notrace
Command: read_checkpoint -auto_incremental -incremental /home/voidknight/RISCV/RISCV.srcs/utils_1/imports/synth_1/fifo_buffer.dcp
INFO: [Vivado 12-5825] Read reference checkpoint from /home/voidknight/RISCV/RISCV.srcs/utils_1/imports/synth_1/fifo_buffer.dcp for incremental synthesis
INFO: [Vivado 12-7989] Please ensure there are no constraint changes
Command: synth_design -top ri_rs -part xc7a35tcpg236-2L -directive PerformanceOptimized -fsm_extraction one_hot -keep_equivalent_registers -resource_sharing off -no_lc -shreg_min_size 5
Starting synth_design
Attempting to get a license for feature 'Synthesis' and/or device 'xc7a35t'
INFO: [Common 17-349] Got license for feature 'Synthesis' and/or device 'xc7a35t'
INFO: [Device 21-403] Loading part xc7a35tcpg236-2L
INFO: [Designutils 20-5440] No compile time benefit to using incremental synthesis; A full resynthesis will be run
INFO: [Designutils 20-4379] Flow is switching to default flow due to incremental criteria not met. If you would like to alter this behaviour and have the flow terminate instead, please set the following parameter config_implementation {autoIncr.Synth.RejectBehavior Terminate}
INFO: [Synth 8-7079] Multithreading enabled for synth_design using a maximum of 7 processes.
INFO: [Synth 8-7078] Launching helper process for spawning children vivado processes
INFO: [Synth 8-7075] Helper process launched with PID 27641
---------------------------------------------------------------------------------
Starting RTL Elaboration : Time (s): cpu = 00:00:03 ; elapsed = 00:00:04 . Memory (MB): peak = 2091.230 ; gain = 439.828 ; free physical = 4152 ; free virtual = 12666
---------------------------------------------------------------------------------
INFO: [Synth 8-6157] synthesizing module 'ri_rs' [/home/voidknight/RISCV/RISCV.srcs/sources_1/new/ri_rs.sv:39]
INFO: [Synth 8-6155] done synthesizing module 'ri_rs' (0#1) [/home/voidknight/RISCV/RISCV.srcs/sources_1/new/ri_rs.sv:39]
WARNING: [Synth 8-7129] Port read_ptr[4] in module ri_rs is either unconnected or has no load
WARNING: [Synth 8-7129] Port read_ptr[3] in module ri_rs is either unconnected or has no load
WARNING: [Synth 8-7129] Port read_ptr[2] in module ri_rs is either unconnected or has no load
WARNING: [Synth 8-7129] Port read_ptr[1] in module ri_rs is either unconnected or has no load
WARNING: [Synth 8-7129] Port read_ptr[0] in module ri_rs is either unconnected or has no load
---------------------------------------------------------------------------------
Finished RTL Elaboration : Time (s): cpu = 00:00:05 ; elapsed = 00:00:05 . Memory (MB): peak = 2180.199 ; gain = 528.797 ; free physical = 4072 ; free virtual = 12587
---------------------------------------------------------------------------------
---------------------------------------------------------------------------------
Start Handling Custom Attributes
---------------------------------------------------------------------------------
---------------------------------------------------------------------------------
Finished Handling Custom Attributes : Time (s): cpu = 00:00:05 ; elapsed = 00:00:05 . Memory (MB): peak = 2198.012 ; gain = 546.609 ; free physical = 4072 ; free virtual = 12584
---------------------------------------------------------------------------------
---------------------------------------------------------------------------------
Finished RTL Optimization Phase 1 : Time (s): cpu = 00:00:05 ; elapsed = 00:00:05 . Memory (MB): peak = 2198.012 ; gain = 546.609 ; free physical = 4072 ; free virtual = 12584
---------------------------------------------------------------------------------
Netlist sorting complete. Time (s): cpu = 00:00:00.01 ; elapsed = 00:00:00.01 . Memory (MB): peak = 2198.012 ; gain = 0.000 ; free physical = 4072 ; free virtual = 12584
INFO: [Project 1-570] Preparing netlist for logic optimization

Processing XDC Constraints
Initializing timing engine
Parsing XDC File [/home/voidknight/RISCV/RISCV.srcs/constrs_1/new/timing.xdc]
Finished Parsing XDC File [/home/voidknight/RISCV/RISCV.srcs/constrs_1/new/timing.xdc]
Completed Processing XDC Constraints

Netlist sorting complete. Time (s): cpu = 00:00:00 ; elapsed = 00:00:00 . Memory (MB): peak = 2315.750 ; gain = 0.000 ; free physical = 4076 ; free virtual = 12589
INFO: [Project 1-111] Unisim Transformation Summary:
No Unisim elements were transformed.

Constraint Validation Runtime : Time (s): cpu = 00:00:00.03 ; elapsed = 00:00:00.02 . Memory (MB): peak = 2315.785 ; gain = 0.000 ; free physical = 4076 ; free virtual = 12589
INFO: [Designutils 20-5440] No compile time benefit to using incremental synthesis; A full resynthesis will be run
INFO: [Designutils 20-4379] Flow is switching to default flow due to incremental criteria not met. If you would like to alter this behaviour and have the flow terminate instead, please set the following parameter config_implementation {autoIncr.Synth.RejectBehavior Terminate}
---------------------------------------------------------------------------------
Finished Constraint Validation : Time (s): cpu = 00:00:11 ; elapsed = 00:00:11 . Memory (MB): peak = 2315.785 ; gain = 664.383 ; free physical = 4135 ; free virtual = 12648
---------------------------------------------------------------------------------
---------------------------------------------------------------------------------
Start Loading Part and Timing Information
---------------------------------------------------------------------------------
Loading part: xc7a35tcpg236-2L
---------------------------------------------------------------------------------
Finished Loading Part and Timing Information : Time (s): cpu = 00:00:11 ; elapsed = 00:00:11 . Memory (MB): peak = 2323.754 ; gain = 672.352 ; free physical = 4135 ; free virtual = 12648
---------------------------------------------------------------------------------
---------------------------------------------------------------------------------
Start Applying 'set_property' XDC Constraints
---------------------------------------------------------------------------------
---------------------------------------------------------------------------------
Finished applying 'set_property' XDC Constraints : Time (s): cpu = 00:00:11 ; elapsed = 00:00:11 . Memory (MB): peak = 2323.754 ; gain = 672.352 ; free physical = 4135 ; free virtual = 12648
---------------------------------------------------------------------------------
---------------------------------------------------------------------------------
Finished RTL Optimization Phase 2 : Time (s): cpu = 00:00:11 ; elapsed = 00:00:11 . Memory (MB): peak = 2323.754 ; gain = 672.352 ; free physical = 4147 ; free virtual = 12660
---------------------------------------------------------------------------------
---------------------------------------------------------------------------------
Start RTL Component Statistics 
---------------------------------------------------------------------------------
Detailed RTL Component Info : 
+---Registers : 
	               32 Bit    Registers := 34    
	                6 Bit    Registers := 49    
	                4 Bit    Registers := 17    
	                1 Bit    Registers := 49    
+---Muxes : 
	   2 Input   32 Bit        Muxes := 32    
	   2 Input   16 Bit        Muxes := 15    
	   5 Input   16 Bit        Muxes := 1     
	   2 Input    1 Bit        Muxes := 170   
---------------------------------------------------------------------------------
Finished RTL Component Statistics 
---------------------------------------------------------------------------------
---------------------------------------------------------------------------------
Start Part Resource Summary
---------------------------------------------------------------------------------
Part Resources:
DSPs: 90 (col length:60)
BRAMs: 100 (col length: RAMB18 60 RAMB36 30)
---------------------------------------------------------------------------------
Finished Part Resource Summary
---------------------------------------------------------------------------------
---------------------------------------------------------------------------------
Start Cross Boundary and Area Optimization
---------------------------------------------------------------------------------
WARNING: [Synth 8-7080] Parallel synthesis criteria is not met
WARNING: [Synth 8-7129] Port read_ptr[4] in module ri_rs is either unconnected or has no load
WARNING: [Synth 8-7129] Port read_ptr[3] in module ri_rs is either unconnected or has no load
WARNING: [Synth 8-7129] Port read_ptr[2] in module ri_rs is either unconnected or has no load
WARNING: [Synth 8-7129] Port read_ptr[1] in module ri_rs is either unconnected or has no load
WARNING: [Synth 8-7129] Port read_ptr[0] in module ri_rs is either unconnected or has no load
---------------------------------------------------------------------------------
Finished Cross Boundary and Area Optimization : Time (s): cpu = 00:00:18 ; elapsed = 00:00:18 . Memory (MB): peak = 2340.871 ; gain = 689.469 ; free physical = 4094 ; free virtual = 12616
---------------------------------------------------------------------------------
---------------------------------------------------------------------------------
Start Applying XDC Timing Constraints
---------------------------------------------------------------------------------
---------------------------------------------------------------------------------
Finished Applying XDC Timing Constraints : Time (s): cpu = 00:00:23 ; elapsed = 00:00:23 . Memory (MB): peak = 2355.871 ; gain = 704.469 ; free physical = 4102 ; free virtual = 12622
---------------------------------------------------------------------------------
---------------------------------------------------------------------------------
Start Timing Optimization
---------------------------------------------------------------------------------
---------------------------------------------------------------------------------
Finished Timing Optimization : Time (s): cpu = 00:00:27 ; elapsed = 00:00:27 . Memory (MB): peak = 2460.465 ; gain = 809.062 ; free physical = 4014 ; free virtual = 12535
---------------------------------------------------------------------------------
---------------------------------------------------------------------------------
Start Technology Mapping
---------------------------------------------------------------------------------
---------------------------------------------------------------------------------
Finished Technology Mapping : Time (s): cpu = 00:00:28 ; elapsed = 00:00:28 . Memory (MB): peak = 2468.473 ; gain = 817.070 ; free physical = 4016 ; free virtual = 12538
---------------------------------------------------------------------------------
---------------------------------------------------------------------------------
Start IO Insertion
---------------------------------------------------------------------------------
---------------------------------------------------------------------------------
Start Flattening Before IO Insertion
---------------------------------------------------------------------------------
---------------------------------------------------------------------------------
Finished Flattening Before IO Insertion
---------------------------------------------------------------------------------
---------------------------------------------------------------------------------
Start Final Netlist Cleanup
---------------------------------------------------------------------------------
---------------------------------------------------------------------------------
Finished Final Netlist Cleanup
---------------------------------------------------------------------------------
---------------------------------------------------------------------------------
Finished IO Insertion : Time (s): cpu = 00:00:31 ; elapsed = 00:00:32 . Memory (MB): peak = 2564.285 ; gain = 912.883 ; free physical = 3942 ; free virtual = 12462
---------------------------------------------------------------------------------
---------------------------------------------------------------------------------
Start Renaming Generated Instances
---------------------------------------------------------------------------------
---------------------------------------------------------------------------------
Finished Renaming Generated Instances : Time (s): cpu = 00:00:31 ; elapsed = 00:00:32 . Memory (MB): peak = 2564.285 ; gain = 912.883 ; free physical = 3942 ; free virtual = 12462
---------------------------------------------------------------------------------
---------------------------------------------------------------------------------
Start Rebuilding User Hierarchy
---------------------------------------------------------------------------------
---------------------------------------------------------------------------------
Finished Rebuilding User Hierarchy : Time (s): cpu = 00:00:31 ; elapsed = 00:00:32 . Memory (MB): peak = 2564.285 ; gain = 912.883 ; free physical = 3942 ; free virtual = 12462
---------------------------------------------------------------------------------
---------------------------------------------------------------------------------
Start Renaming Generated Ports
---------------------------------------------------------------------------------
---------------------------------------------------------------------------------
Finished Renaming Generated Ports : Time (s): cpu = 00:00:31 ; elapsed = 00:00:32 . Memory (MB): peak = 2564.285 ; gain = 912.883 ; free physical = 3942 ; free virtual = 12462
---------------------------------------------------------------------------------
---------------------------------------------------------------------------------
Start Handling Custom Attributes
---------------------------------------------------------------------------------
---------------------------------------------------------------------------------
Finished Handling Custom Attributes : Time (s): cpu = 00:00:31 ; elapsed = 00:00:32 . Memory (MB): peak = 2564.285 ; gain = 912.883 ; free physical = 3942 ; free virtual = 12462
---------------------------------------------------------------------------------
---------------------------------------------------------------------------------
Start Renaming Generated Nets
---------------------------------------------------------------------------------
---------------------------------------------------------------------------------
Finished Renaming Generated Nets : Time (s): cpu = 00:00:31 ; elapsed = 00:00:32 . Memory (MB): peak = 2564.285 ; gain = 912.883 ; free physical = 3942 ; free virtual = 12462
---------------------------------------------------------------------------------
---------------------------------------------------------------------------------
Start Writing Synthesis Report
---------------------------------------------------------------------------------

Report BlackBoxes: 
+-+--------------+----------+
| |BlackBox name |Instances |
+-+--------------+----------+
+-+--------------+----------+

Report Cell Usage: 
+------+-----+------+
|      |Cell |Count |
+------+-----+------+
|1     |BUFG |     1|
|2     |LUT2 |    33|
|3     |LUT3 |   930|
|4     |LUT4 |    28|
|5     |LUT5 |   154|
|6     |LUT6 |   706|
|7     |FDRE |  1499|
|8     |IBUF |   139|
|9     |OBUF |    76|
+------+-----+------+
---------------------------------------------------------------------------------
Finished Writing Synthesis Report : Time (s): cpu = 00:00:31 ; elapsed = 00:00:32 . Memory (MB): peak = 2564.285 ; gain = 912.883 ; free physical = 3942 ; free virtual = 12462
---------------------------------------------------------------------------------
Synthesis finished with 0 errors, 0 critical warnings and 6 warnings.
Synthesis Optimization Runtime : Time (s): cpu = 00:00:30 ; elapsed = 00:00:30 . Memory (MB): peak = 2564.285 ; gain = 795.109 ; free physical = 3942 ; free virtual = 12462
Synthesis Optimization Complete : Time (s): cpu = 00:00:31 ; elapsed = 00:00:32 . Memory (MB): peak = 2564.293 ; gain = 912.883 ; free physical = 3942 ; free virtual = 12462
INFO: [Project 1-571] Translating synthesized netlist
Netlist sorting complete. Time (s): cpu = 00:00:00.01 ; elapsed = 00:00:00.01 . Memory (MB): peak = 2564.293 ; gain = 0.000 ; free physical = 4109 ; free virtual = 12630
WARNING: [Netlist 29-101] Netlist 'ri_rs' is not ideal for floorplanning, since the cellview 'ri_rs' contains a large number of primitives.  Please consider enabling hierarchy in synthesis if you want to do floorplanning.
INFO: [Project 1-570] Preparing netlist for logic optimization
INFO: [Opt 31-138] Pushed 0 inverter(s) to 0 load pin(s).
Netlist sorting complete. Time (s): cpu = 00:00:00 ; elapsed = 00:00:00 . Memory (MB): peak = 2564.293 ; gain = 0.000 ; free physical = 4094 ; free virtual = 12614
INFO: [Project 1-111] Unisim Transformation Summary:
No Unisim elements were transformed.

Synth Design complete | Checksum: 7004e72e
INFO: [Common 17-83] Releasing license: Synthesis
20 Infos, 12 Warnings, 0 Critical Warnings and 0 Errors encountered.
synth_design completed successfully
synth_design: Time (s): cpu = 00:00:38 ; elapsed = 00:00:36 . Memory (MB): peak = 2564.320 ; gain = 1054.035 ; free physical = 4094 ; free virtual = 12616
INFO: [Common 17-2834] synth_design peak Physical Memory [PSS] (MB): overall = 1816.646; main = 1671.932; forked = 249.413
INFO: [Common 17-2834] synth_design peak Virtual Memory [VSS] (MB): overall = 3446.340; main = 2564.289; forked = 963.863
Write ShapeDB Complete: Time (s): cpu = 00:00:00.01 ; elapsed = 00:00:00 . Memory (MB): peak = 2588.297 ; gain = 0.000 ; free physical = 4094 ; free virtual = 12616
INFO: [Common 17-1381] The checkpoint '/home/voidknight/RISCV/RISCV.runs/synth_1/ri_rs.dcp' has been generated.
INFO: [Vivado 12-24828] Executing command : report_utilization -file ri_rs_utilization_synth.rpt -pb ri_rs_utilization_synth.pb
INFO: [Common 17-206] Exiting Vivado at Thu Dec  4 23:43:07 2025...
