Vivado Simulator v2025.1.0
Copyright 1986-2022 Xilinx, Inc. All Rights Reserved.
Copyright 2022-2025 Advanced Micro Devices, Inc. All Rights Reserved.
Running: /home/voidknight/Downloads/2025.1/Vivado/bin/unwrapped/lnx64.o/xelab --incr --debug typical --relax --mt 8 -L xil_defaultlib -L uvm -L unisims_ver -L secureip --snapshot fifo_tb_func_synth xil_defaultlib.fifo_tb xil_defaultlib.glbl -log elaborate.log 
Using 8 slave threads.
WARNING: [XSIM 43-3431] One or more environment variables have been detected which affect the operation of the C compiler. These are typically not set in standard installations and are not tested by AMD, however they may be appropriate for your system, so the flow will attempt to continue.  If errors occur, try running xelab with the "-mt off -v 1" switches to see more information from the C compiler. The following environment variables have been detected:
Starting static elaboration
Pass Through NonSizing Optimizer
WARNING: [VRFC 10-2861] module 'fifo_buffer' does not have a parameter named DW [/home/voidknight/Documents/Thermometer/Digital-Thermometer/fifo_tb.sv:10]
WARNING: [VRFC 10-3091] actual bit length 8 differs from formal bit length 32 for port 'wr_data' [/home/voidknight/Documents/Thermometer/Digital-Thermometer/fifo_tb.sv:10]
Completed static elaboration
Starting simulation data flow analysis
WARNING: [XSIM 43-4100] "/home/voidknight/RISCV/RISCV.sim/sim_1/synth/func/xsim/fifo_tb_func_synth.v" Line 16. Module fifo_buffer has a timescale but at least one module in design doesn't have timescale.
WARNING: [XSIM 43-4100] "/proj/xbuilds/SWIP/2025.1_0521_0003/installs/lin64/2025.1/data/verilog/src/unisims/BUFG.v" Line 27. Module BUFG has a timescale but at least one module in design doesn't have timescale.
WARNING: [XSIM 43-4100] "/proj/xbuilds/SWIP/2025.1_0521_0003/installs/lin64/2025.1/data/verilog/src/unisims/IBUF.v" Line 29. Module IBUF has a timescale but at least one module in design doesn't have timescale.
WARNING: [XSIM 43-4100] "/proj/xbuilds/SWIP/2025.1_0521_0003/installs/lin64/2025.1/data/verilog/src/unisims/OBUF.v" Line 25. Module OBUF has a timescale but at least one module in design doesn't have timescale.
WARNING: [XSIM 43-4100] "/proj/xbuilds/SWIP/2025.1_0521_0003/installs/lin64/2025.1/data/verilog/src/unisims/LUT6.v" Line 30. Module LUT6 has a timescale but at least one module in design doesn't have timescale.
WARNING: [XSIM 43-4100] "/proj/xbuilds/SWIP/2025.1_0521_0003/installs/lin64/2025.1/data/verilog/src/unisims/OBUF.v" Line 25. Module OBUF has a timescale but at least one module in design doesn't have timescale.
WARNING: [XSIM 43-4100] "/proj/xbuilds/SWIP/2025.1_0521_0003/installs/lin64/2025.1/data/verilog/src/unisims/LUT6.v" Line 30. Module LUT6 has a timescale but at least one module in design doesn't have timescale.
WARNING: [XSIM 43-4100] "/proj/xbuilds/SWIP/2025.1_0521_0003/installs/lin64/2025.1/data/verilog/src/unisims/LUT2.v" Line 28. Module LUT2 has a timescale but at least one module in design doesn't have timescale.
WARNING: [XSIM 43-4100] "/proj/xbuilds/SWIP/2025.1_0521_0003/installs/lin64/2025.1/data/verilog/src/unisims/LUT2.v" Line 65. Module x_lut2_mux4 has a timescale but at least one module in design doesn't have timescale.
WARNING: [XSIM 43-4100] "/proj/xbuilds/SWIP/2025.1_0521_0003/installs/lin64/2025.1/data/verilog/src/unisims/LUT6.v" Line 30. Module LUT6 has a timescale but at least one module in design doesn't have timescale.
WARNING: [XSIM 43-4100] "/proj/xbuilds/SWIP/2025.1_0521_0003/installs/lin64/2025.1/data/verilog/src/unisims/RAMB18E1.v" Line 68. Module RAMB18E1(RAM_MODE="SDP",READ_WIDTH_A=36,WRITE_MODE_A="READ_FIRST",WRITE_MODE_B="READ_FIRST",WRITE_WIDTH_B=36) has a timescale but at least one module in design doesn't have timescale.
WARNING: [XSIM 43-4100] "/proj/xbuilds/SWIP/2025.1_0521_0003/installs/lin64/2025.1/data/verilog/src/unisims/RAMB18E1.v" Line 1076. Module RB18_INTERNAL_VLOG(RAM_MODE="SDP",READ_WIDTH_A=36,READ_WIDTH_B=36,WRITE_MODE_A="READ_FIRST",WRITE_MODE_B="READ_FIRST",WRITE_WIDTH_A=36,WRITE_WIDTH_B=36,BRAM_SIZE=18) has a timescale but at least one module in design doesn't have timescale.
WARNING: [XSIM 43-4100] "/proj/xbuilds/SWIP/2025.1_0521_0003/installs/lin64/2025.1/data/verilog/src/unisims/LUT6.v" Line 30. Module LUT6 has a timescale but at least one module in design doesn't have timescale.
WARNING: [XSIM 43-4100] "/proj/xbuilds/SWIP/2025.1_0521_0003/installs/lin64/2025.1/data/verilog/src/unisims/OBUF.v" Line 25. Module OBUF has a timescale but at least one module in design doesn't have timescale.
WARNING: [XSIM 43-4100] "/proj/xbuilds/SWIP/2025.1_0521_0003/installs/lin64/2025.1/data/verilog/src/unisims/OBUF.v" Line 25. Module OBUF has a timescale but at least one module in design doesn't have timescale.
WARNING: [XSIM 43-4100] "/proj/xbuilds/SWIP/2025.1_0521_0003/installs/lin64/2025.1/data/verilog/src/unisims/OBUF.v" Line 25. Module OBUF has a timescale but at least one module in design doesn't have timescale.
WARNING: [XSIM 43-4100] "/proj/xbuilds/SWIP/2025.1_0521_0003/installs/lin64/2025.1/data/verilog/src/unisims/OBUF.v" Line 25. Module OBUF has a timescale but at least one module in design doesn't have timescale.
WARNING: [XSIM 43-4100] "/proj/xbuilds/SWIP/2025.1_0521_0003/installs/lin64/2025.1/data/verilog/src/unisims/OBUF.v" Line 25. Module OBUF has a timescale but at least one module in design doesn't have timescale.
WARNING: [XSIM 43-4100] "/proj/xbuilds/SWIP/2025.1_0521_0003/installs/lin64/2025.1/data/verilog/src/unisims/OBUF.v" Line 25. Module OBUF has a timescale but at least one module in design doesn't have timescale.
WARNING: [XSIM 43-4100] "/proj/xbuilds/SWIP/2025.1_0521_0003/installs/lin64/2025.1/data/verilog/src/unisims/OBUF.v" Line 25. Module OBUF has a timescale but at least one module in design doesn't have timescale.
WARNING: [XSIM 43-4100] "/proj/xbuilds/SWIP/2025.1_0521_0003/installs/lin64/2025.1/data/verilog/src/unisims/OBUF.v" Line 25. Module OBUF has a timescale but at least one module in design doesn't have timescale.
WARNING: [XSIM 43-4100] "/proj/xbuilds/SWIP/2025.1_0521_0003/installs/lin64/2025.1/data/verilog/src/unisims/OBUF.v" Line 25. Module OBUF has a timescale but at least one module in design doesn't have timescale.
WARNING: [XSIM 43-4100] "/proj/xbuilds/SWIP/2025.1_0521_0003/installs/lin64/2025.1/data/verilog/src/unisims/OBUF.v" Line 25. Module OBUF has a timescale but at least one module in design doesn't have timescale.
WARNING: [XSIM 43-4100] "/proj/xbuilds/SWIP/2025.1_0521_0003/installs/lin64/2025.1/data/verilog/src/unisims/OBUF.v" Line 25. Module OBUF has a timescale but at least one module in design doesn't have timescale.
WARNING: [XSIM 43-4100] "/proj/xbuilds/SWIP/2025.1_0521_0003/installs/lin64/2025.1/data/verilog/src/unisims/OBUF.v" Line 25. Module OBUF has a timescale but at least one module in design doesn't have timescale.
WARNING: [XSIM 43-4100] "/proj/xbuilds/SWIP/2025.1_0521_0003/installs/lin64/2025.1/data/verilog/src/unisims/OBUF.v" Line 25. Module OBUF has a timescale but at least one module in design doesn't have timescale.
WARNING: [XSIM 43-4100] "/proj/xbuilds/SWIP/2025.1_0521_0003/installs/lin64/2025.1/data/verilog/src/unisims/OBUF.v" Line 25. Module OBUF has a timescale but at least one module in design doesn't have timescale.
WARNING: [XSIM 43-4100] "/proj/xbuilds/SWIP/2025.1_0521_0003/installs/lin64/2025.1/data/verilog/src/unisims/OBUF.v" Line 25. Module OBUF has a timescale but at least one module in design doesn't have timescale.
WARNING: [XSIM 43-4100] "/proj/xbuilds/SWIP/2025.1_0521_0003/installs/lin64/2025.1/data/verilog/src/unisims/OBUF.v" Line 25. Module OBUF has a timescale but at least one module in design doesn't have timescale.
WARNING: [XSIM 43-4100] "/proj/xbuilds/SWIP/2025.1_0521_0003/installs/lin64/2025.1/data/verilog/src/unisims/OBUF.v" Line 25. Module OBUF has a timescale but at least one module in design doesn't have timescale.
WARNING: [XSIM 43-4100] "/proj/xbuilds/SWIP/2025.1_0521_0003/installs/lin64/2025.1/data/verilog/src/unisims/OBUF.v" Line 25. Module OBUF has a timescale but at least one module in design doesn't have timescale.
WARNING: [XSIM 43-4100] "/proj/xbuilds/SWIP/2025.1_0521_0003/installs/lin64/2025.1/data/verilog/src/unisims/OBUF.v" Line 25. Module OBUF has a timescale but at least one module in design doesn't have timescale.
WARNING: [XSIM 43-4100] "/proj/xbuilds/SWIP/2025.1_0521_0003/installs/lin64/2025.1/data/verilog/src/unisims/OBUF.v" Line 25. Module OBUF has a timescale but at least one module in design doesn't have timescale.
WARNING: [XSIM 43-4100] "/proj/xbuilds/SWIP/2025.1_0521_0003/installs/lin64/2025.1/data/verilog/src/unisims/OBUF.v" Line 25. Module OBUF has a timescale but at least one module in design doesn't have timescale.
WARNING: [XSIM 43-4100] "/proj/xbuilds/SWIP/2025.1_0521_0003/installs/lin64/2025.1/data/verilog/src/unisims/OBUF.v" Line 25. Module OBUF has a timescale but at least one module in design doesn't have timescale.
WARNING: [XSIM 43-4100] "/proj/xbuilds/SWIP/2025.1_0521_0003/installs/lin64/2025.1/data/verilog/src/unisims/OBUF.v" Line 25. Module OBUF has a timescale but at least one module in design doesn't have timescale.
WARNING: [XSIM 43-4100] "/proj/xbuilds/SWIP/2025.1_0521_0003/installs/lin64/2025.1/data/verilog/src/unisims/OBUF.v" Line 25. Module OBUF has a timescale but at least one module in design doesn't have timescale.
WARNING: [XSIM 43-4100] "/proj/xbuilds/SWIP/2025.1_0521_0003/installs/lin64/2025.1/data/verilog/src/unisims/OBUF.v" Line 25. Module OBUF has a timescale but at least one module in design doesn't have timescale.
WARNING: [XSIM 43-4100] "/proj/xbuilds/SWIP/2025.1_0521_0003/installs/lin64/2025.1/data/verilog/src/unisims/OBUF.v" Line 25. Module OBUF has a timescale but at least one module in design doesn't have timescale.
WARNING: [XSIM 43-4100] "/proj/xbuilds/SWIP/2025.1_0521_0003/installs/lin64/2025.1/data/verilog/src/unisims/OBUF.v" Line 25. Module OBUF has a timescale but at least one module in design doesn't have timescale.
WARNING: [XSIM 43-4100] "/proj/xbuilds/SWIP/2025.1_0521_0003/installs/lin64/2025.1/data/verilog/src/unisims/OBUF.v" Line 25. Module OBUF has a timescale but at least one module in design doesn't have timescale.
WARNING: [XSIM 43-4100] "/proj/xbuilds/SWIP/2025.1_0521_0003/installs/lin64/2025.1/data/verilog/src/unisims/OBUF.v" Line 25. Module OBUF has a timescale but at least one module in design doesn't have timescale.
WARNING: [XSIM 43-4100] "/proj/xbuilds/SWIP/2025.1_0521_0003/installs/lin64/2025.1/data/verilog/src/unisims/OBUF.v" Line 25. Module OBUF has a timescale but at least one module in design doesn't have timescale.
WARNING: [XSIM 43-4100] "/proj/xbuilds/SWIP/2025.1_0521_0003/installs/lin64/2025.1/data/verilog/src/unisims/OBUF.v" Line 25. Module OBUF has a timescale but at least one module in design doesn't have timescale.
WARNING: [XSIM 43-4100] "/proj/xbuilds/SWIP/2025.1_0521_0003/installs/lin64/2025.1/data/verilog/src/unisims/OBUF.v" Line 25. Module OBUF has a timescale but at least one module in design doesn't have timescale.
WARNING: [XSIM 43-4100] "/proj/xbuilds/SWIP/2025.1_0521_0003/installs/lin64/2025.1/data/verilog/src/unisims/LUT1.v" Line 27. Module LUT1 has a timescale but at least one module in design doesn't have timescale.
WARNING: [XSIM 43-4100] "/proj/xbuilds/SWIP/2025.1_0521_0003/installs/lin64/2025.1/data/verilog/src/unisims/LUT1.v" Line 62. Module x_lut1_mux2 has a timescale but at least one module in design doesn't have timescale.
WARNING: [XSIM 43-4100] "/proj/xbuilds/SWIP/2025.1_0521_0003/installs/lin64/2025.1/data/verilog/src/unisims/LUT2.v" Line 28. Module LUT2 has a timescale but at least one module in design doesn't have timescale.
WARNING: [XSIM 43-4100] "/proj/xbuilds/SWIP/2025.1_0521_0003/installs/lin64/2025.1/data/verilog/src/unisims/LUT2.v" Line 65. Module x_lut2_mux4 has a timescale but at least one module in design doesn't have timescale.
WARNING: [XSIM 43-4100] "/proj/xbuilds/SWIP/2025.1_0521_0003/installs/lin64/2025.1/data/verilog/src/unisims/LUT3.v" Line 28. Module LUT3 has a timescale but at least one module in design doesn't have timescale.
WARNING: [XSIM 43-4100] "/proj/xbuilds/SWIP/2025.1_0521_0003/installs/lin64/2025.1/data/verilog/src/unisims/LUT3.v" Line 67. Module x_lut3_mux8 has a timescale but at least one module in design doesn't have timescale.
WARNING: [XSIM 43-4100] "/proj/xbuilds/SWIP/2025.1_0521_0003/installs/lin64/2025.1/data/verilog/src/unisims/LUT4.v" Line 30. Module LUT4 has a timescale but at least one module in design doesn't have timescale.
WARNING: [XSIM 43-4100] "/proj/xbuilds/SWIP/2025.1_0521_0003/installs/lin64/2025.1/data/verilog/src/unisims/LUT5.v" Line 30. Module LUT5 has a timescale but at least one module in design doesn't have timescale.
WARNING: [XSIM 43-4100] "/proj/xbuilds/SWIP/2025.1_0521_0003/installs/lin64/2025.1/data/verilog/src/unisims/LUT5.v" Line 30. Module LUT5 has a timescale but at least one module in design doesn't have timescale.
WARNING: [XSIM 43-4100] "/proj/xbuilds/SWIP/2025.1_0521_0003/installs/lin64/2025.1/data/verilog/src/unisims/LUT6.v" Line 30. Module LUT6 has a timescale but at least one module in design doesn't have timescale.
WARNING: [XSIM 43-4100] "/proj/xbuilds/SWIP/2025.1_0521_0003/installs/lin64/2025.1/data/verilog/src/unisims/FDRE.v" Line 27. Module FDRE_default has a timescale but at least one module in design doesn't have timescale.
WARNING: [XSIM 43-4100] "/proj/xbuilds/SWIP/2025.1_0521_0003/installs/lin64/2025.1/data/verilog/src/unisims/FDRE.v" Line 27. Module FDRE_default has a timescale but at least one module in design doesn't have timescale.
WARNING: [XSIM 43-4100] "/proj/xbuilds/SWIP/2025.1_0521_0003/installs/lin64/2025.1/data/verilog/src/unisims/FDRE.v" Line 27. Module FDRE_default has a timescale but at least one module in design doesn't have timescale.
WARNING: [XSIM 43-4100] "/proj/xbuilds/SWIP/2025.1_0521_0003/installs/lin64/2025.1/data/verilog/src/unisims/FDRE.v" Line 27. Module FDRE_default has a timescale but at least one module in design doesn't have timescale.
WARNING: [XSIM 43-4100] "/proj/xbuilds/SWIP/2025.1_0521_0003/installs/lin64/2025.1/data/verilog/src/unisims/FDRE.v" Line 27. Module FDRE_default has a timescale but at least one module in design doesn't have timescale.
WARNING: [XSIM 43-4100] "/proj/xbuilds/SWIP/2025.1_0521_0003/installs/lin64/2025.1/data/verilog/src/unisims/FDRE.v" Line 27. Module FDRE_default has a timescale but at least one module in design doesn't have timescale.
WARNING: [XSIM 43-4100] "/proj/xbuilds/SWIP/2025.1_0521_0003/installs/lin64/2025.1/data/verilog/src/unisims/IBUF.v" Line 29. Module IBUF has a timescale but at least one module in design doesn't have timescale.
WARNING: [XSIM 43-4100] "/proj/xbuilds/SWIP/2025.1_0521_0003/installs/lin64/2025.1/data/verilog/src/unisims/IBUF.v" Line 29. Module IBUF has a timescale but at least one module in design doesn't have timescale.
WARNING: [XSIM 43-4100] "/proj/xbuilds/SWIP/2025.1_0521_0003/installs/lin64/2025.1/data/verilog/src/unisims/IBUF.v" Line 29. Module IBUF has a timescale but at least one module in design doesn't have timescale.
WARNING: [XSIM 43-4100] "/proj/xbuilds/SWIP/2025.1_0521_0003/installs/lin64/2025.1/data/verilog/src/unisims/IBUF.v" Line 29. Module IBUF has a timescale but at least one module in design doesn't have timescale.
WARNING: [XSIM 43-4100] "/proj/xbuilds/SWIP/2025.1_0521_0003/installs/lin64/2025.1/data/verilog/src/unisims/IBUF.v" Line 29. Module IBUF has a timescale but at least one module in design doesn't have timescale.
WARNING: [XSIM 43-4100] "/proj/xbuilds/SWIP/2025.1_0521_0003/installs/lin64/2025.1/data/verilog/src/unisims/IBUF.v" Line 29. Module IBUF has a timescale but at least one module in design doesn't have timescale.
WARNING: [XSIM 43-4100] "/proj/xbuilds/SWIP/2025.1_0521_0003/installs/lin64/2025.1/data/verilog/src/unisims/IBUF.v" Line 29. Module IBUF has a timescale but at least one module in design doesn't have timescale.
WARNING: [XSIM 43-4100] "/proj/xbuilds/SWIP/2025.1_0521_0003/installs/lin64/2025.1/data/verilog/src/unisims/IBUF.v" Line 29. Module IBUF has a timescale but at least one module in design doesn't have timescale.
WARNING: [XSIM 43-4100] "/proj/xbuilds/SWIP/2025.1_0521_0003/installs/lin64/2025.1/data/verilog/src/unisims/IBUF.v" Line 29. Module IBUF has a timescale but at least one module in design doesn't have timescale.
WARNING: [XSIM 43-4100] "/proj/xbuilds/SWIP/2025.1_0521_0003/installs/lin64/2025.1/data/verilog/src/unisims/IBUF.v" Line 29. Module IBUF has a timescale but at least one module in design doesn't have timescale.
WARNING: [XSIM 43-4100] "/proj/xbuilds/SWIP/2025.1_0521_0003/installs/lin64/2025.1/data/verilog/src/unisims/IBUF.v" Line 29. Module IBUF has a timescale but at least one module in design doesn't have timescale.
WARNING: [XSIM 43-4100] "/proj/xbuilds/SWIP/2025.1_0521_0003/installs/lin64/2025.1/data/verilog/src/unisims/IBUF.v" Line 29. Module IBUF has a timescale but at least one module in design doesn't have timescale.
WARNING: [XSIM 43-4100] "/proj/xbuilds/SWIP/2025.1_0521_0003/installs/lin64/2025.1/data/verilog/src/unisims/IBUF.v" Line 29. Module IBUF has a timescale but at least one module in design doesn't have timescale.
WARNING: [XSIM 43-4100] "/proj/xbuilds/SWIP/2025.1_0521_0003/installs/lin64/2025.1/data/verilog/src/unisims/IBUF.v" Line 29. Module IBUF has a timescale but at least one module in design doesn't have timescale.
WARNING: [XSIM 43-4100] "/proj/xbuilds/SWIP/2025.1_0521_0003/installs/lin64/2025.1/data/verilog/src/unisims/IBUF.v" Line 29. Module IBUF has a timescale but at least one module in design doesn't have timescale.
WARNING: [XSIM 43-4100] "/proj/xbuilds/SWIP/2025.1_0521_0003/installs/lin64/2025.1/data/verilog/src/unisims/IBUF.v" Line 29. Module IBUF has a timescale but at least one module in design doesn't have timescale.
WARNING: [XSIM 43-4100] "/proj/xbuilds/SWIP/2025.1_0521_0003/installs/lin64/2025.1/data/verilog/src/unisims/IBUF.v" Line 29. Module IBUF has a timescale but at least one module in design doesn't have timescale.
WARNING: [XSIM 43-4100] "/proj/xbuilds/SWIP/2025.1_0521_0003/installs/lin64/2025.1/data/verilog/src/unisims/IBUF.v" Line 29. Module IBUF has a timescale but at least one module in design doesn't have timescale.
WARNING: [XSIM 43-4100] "/proj/xbuilds/SWIP/2025.1_0521_0003/installs/lin64/2025.1/data/verilog/src/unisims/IBUF.v" Line 29. Module IBUF has a timescale but at least one module in design doesn't have timescale.
WARNING: [XSIM 43-4100] "/proj/xbuilds/SWIP/2025.1_0521_0003/installs/lin64/2025.1/data/verilog/src/unisims/IBUF.v" Line 29. Module IBUF has a timescale but at least one module in design doesn't have timescale.
WARNING: [XSIM 43-4100] "/proj/xbuilds/SWIP/2025.1_0521_0003/installs/lin64/2025.1/data/verilog/src/unisims/IBUF.v" Line 29. Module IBUF has a timescale but at least one module in design doesn't have timescale.
WARNING: [XSIM 43-4100] "/proj/xbuilds/SWIP/2025.1_0521_0003/installs/lin64/2025.1/data/verilog/src/unisims/IBUF.v" Line 29. Module IBUF has a timescale but at least one module in design doesn't have timescale.
WARNING: [XSIM 43-4100] "/proj/xbuilds/SWIP/2025.1_0521_0003/installs/lin64/2025.1/data/verilog/src/unisims/IBUF.v" Line 29. Module IBUF has a timescale but at least one module in design doesn't have timescale.
WARNING: [XSIM 43-4100] "/proj/xbuilds/SWIP/2025.1_0521_0003/installs/lin64/2025.1/data/verilog/src/unisims/IBUF.v" Line 29. Module IBUF has a timescale but at least one module in design doesn't have timescale.
WARNING: [XSIM 43-4100] "/proj/xbuilds/SWIP/2025.1_0521_0003/installs/lin64/2025.1/data/verilog/src/unisims/IBUF.v" Line 29. Module IBUF has a timescale but at least one module in design doesn't have timescale.
WARNING: [XSIM 43-4100] "/proj/xbuilds/SWIP/2025.1_0521_0003/installs/lin64/2025.1/data/verilog/src/unisims/IBUF.v" Line 29. Module IBUF has a timescale but at least one module in design doesn't have timescale.
WARNING: [XSIM 43-4100] "/proj/xbuilds/SWIP/2025.1_0521_0003/installs/lin64/2025.1/data/verilog/src/unisims/IBUF.v" Line 29. Module IBUF has a timescale but at least one module in design doesn't have timescale.
WARNING: [XSIM 43-4100] "/proj/xbuilds/SWIP/2025.1_0521_0003/installs/lin64/2025.1/data/verilog/src/unisims/IBUF.v" Line 29. Module IBUF has a timescale but at least one module in design doesn't have timescale.
WARNING: [XSIM 43-4100] "/proj/xbuilds/SWIP/2025.1_0521_0003/installs/lin64/2025.1/data/verilog/src/unisims/IBUF.v" Line 29. Module IBUF has a timescale but at least one module in design doesn't have timescale.
WARNING: [XSIM 43-4100] "/proj/xbuilds/SWIP/2025.1_0521_0003/installs/lin64/2025.1/data/verilog/src/unisims/IBUF.v" Line 29. Module IBUF has a timescale but at least one module in design doesn't have timescale.
WARNING: [XSIM 43-4100] "/proj/xbuilds/SWIP/2025.1_0521_0003/installs/lin64/2025.1/data/verilog/src/unisims/IBUF.v" Line 29. Module IBUF has a timescale but at least one module in design doesn't have timescale.
WARNING: [XSIM 43-4100] "/proj/xbuilds/SWIP/2025.1_0521_0003/installs/lin64/2025.1/data/verilog/src/unisims/IBUF.v" Line 29. Module IBUF has a timescale but at least one module in design doesn't have timescale.
WARNING: [XSIM 43-4100] "/proj/xbuilds/SWIP/2025.1_0521_0003/installs/lin64/2025.1/data/verilog/src/unisims/IBUF.v" Line 29. Module IBUF has a timescale but at least one module in design doesn't have timescale.
WARNING: [XSIM 43-4100] "/proj/xbuilds/SWIP/2025.1_0521_0003/installs/lin64/2025.1/data/verilog/src/unisims/IBUF.v" Line 29. Module IBUF has a timescale but at least one module in design doesn't have timescale.
WARNING: [XSIM 43-4100] "/proj/xbuilds/SWIP/2025.1_0521_0003/installs/lin64/2025.1/data/verilog/src/unisims/LUT1.v" Line 27. Module LUT1 has a timescale but at least one module in design doesn't have timescale.
WARNING: [XSIM 43-4100] "/proj/xbuilds/SWIP/2025.1_0521_0003/installs/lin64/2025.1/data/verilog/src/unisims/LUT1.v" Line 62. Module x_lut1_mux2 has a timescale but at least one module in design doesn't have timescale.
WARNING: [XSIM 43-4100] "/proj/xbuilds/SWIP/2025.1_0521_0003/installs/lin64/2025.1/data/verilog/src/unisims/LUT2.v" Line 28. Module LUT2 has a timescale but at least one module in design doesn't have timescale.
WARNING: [XSIM 43-4100] "/proj/xbuilds/SWIP/2025.1_0521_0003/installs/lin64/2025.1/data/verilog/src/unisims/LUT2.v" Line 65. Module x_lut2_mux4 has a timescale but at least one module in design doesn't have timescale.
WARNING: [XSIM 43-4100] "/proj/xbuilds/SWIP/2025.1_0521_0003/installs/lin64/2025.1/data/verilog/src/unisims/LUT3.v" Line 28. Module LUT3 has a timescale but at least one module in design doesn't have timescale.
WARNING: [XSIM 43-4100] "/proj/xbuilds/SWIP/2025.1_0521_0003/installs/lin64/2025.1/data/verilog/src/unisims/LUT3.v" Line 67. Module x_lut3_mux8 has a timescale but at least one module in design doesn't have timescale.
WARNING: [XSIM 43-4100] "/proj/xbuilds/SWIP/2025.1_0521_0003/installs/lin64/2025.1/data/verilog/src/unisims/LUT4.v" Line 30. Module LUT4 has a timescale but at least one module in design doesn't have timescale.
WARNING: [XSIM 43-4100] "/proj/xbuilds/SWIP/2025.1_0521_0003/installs/lin64/2025.1/data/verilog/src/unisims/LUT5.v" Line 30. Module LUT5 has a timescale but at least one module in design doesn't have timescale.
WARNING: [XSIM 43-4100] "/proj/xbuilds/SWIP/2025.1_0521_0003/installs/lin64/2025.1/data/verilog/src/unisims/LUT5.v" Line 30. Module LUT5 has a timescale but at least one module in design doesn't have timescale.
WARNING: [XSIM 43-4100] "/proj/xbuilds/SWIP/2025.1_0521_0003/installs/lin64/2025.1/data/verilog/src/unisims/LUT6.v" Line 30. Module LUT6 has a timescale but at least one module in design doesn't have timescale.
WARNING: [XSIM 43-4100] "/proj/xbuilds/SWIP/2025.1_0521_0003/installs/lin64/2025.1/data/verilog/src/unisims/LUT4.v" Line 30. Module LUT4 has a timescale but at least one module in design doesn't have timescale.
WARNING: [XSIM 43-4100] "/proj/xbuilds/SWIP/2025.1_0521_0003/installs/lin64/2025.1/data/verilog/src/unisims/FDRE.v" Line 27. Module FDRE_default has a timescale but at least one module in design doesn't have timescale.
WARNING: [XSIM 43-4100] "/proj/xbuilds/SWIP/2025.1_0521_0003/installs/lin64/2025.1/data/verilog/src/unisims/FDRE.v" Line 27. Module FDRE_default has a timescale but at least one module in design doesn't have timescale.
WARNING: [XSIM 43-4100] "/proj/xbuilds/SWIP/2025.1_0521_0003/installs/lin64/2025.1/data/verilog/src/unisims/FDRE.v" Line 27. Module FDRE_default has a timescale but at least one module in design doesn't have timescale.
WARNING: [XSIM 43-4100] "/proj/xbuilds/SWIP/2025.1_0521_0003/installs/lin64/2025.1/data/verilog/src/unisims/FDRE.v" Line 27. Module FDRE_default has a timescale but at least one module in design doesn't have timescale.
WARNING: [XSIM 43-4100] "/proj/xbuilds/SWIP/2025.1_0521_0003/installs/lin64/2025.1/data/verilog/src/unisims/FDRE.v" Line 27. Module FDRE_default has a timescale but at least one module in design doesn't have timescale.
WARNING: [XSIM 43-4100] "/proj/xbuilds/SWIP/2025.1_0521_0003/installs/lin64/2025.1/data/verilog/src/unisims/FDRE.v" Line 27. Module FDRE_default has a timescale but at least one module in design doesn't have timescale.
WARNING: [XSIM 43-4100] "/proj/xbuilds/SWIP/2025.1_0521_0003/installs/lin64/2025.1/data/verilog/src/unisims/IBUF.v" Line 29. Module IBUF has a timescale but at least one module in design doesn't have timescale.
WARNING: [XSIM 43-4100] "/home/voidknight/RISCV/RISCV.sim/sim_1/synth/func/xsim/fifo_tb_func_synth.v" Line 16. Module fifo_buffer has a timescale but at least one module in design doesn't have timescale.
WARNING: [XSIM 43-4100] "/proj/xbuilds/SWIP/2025.1_0521_0003/installs/lin64/2025.1/data/verilog/src/unisims/BUFG.v" Line 27. Module BUFG has a timescale but at least one module in design doesn't have timescale.
WARNING: [XSIM 43-4100] "/proj/xbuilds/SWIP/2025.1_0521_0003/installs/lin64/2025.1/data/verilog/src/unisims/IBUF.v" Line 29. Module IBUF has a timescale but at least one module in design doesn't have timescale.
WARNING: [XSIM 43-4100] "/proj/xbuilds/SWIP/2025.1_0521_0003/installs/lin64/2025.1/data/verilog/src/unisims/OBUF.v" Line 25. Module OBUF has a timescale but at least one module in design doesn't have timescale.
WARNING: [XSIM 43-4100] "/proj/xbuilds/SWIP/2025.1_0521_0003/installs/lin64/2025.1/data/verilog/src/unisims/LUT6.v" Line 30. Module LUT6 has a timescale but at least one module in design doesn't have timescale.
WARNING: [XSIM 43-4100] "/proj/xbuilds/SWIP/2025.1_0521_0003/installs/lin64/2025.1/data/verilog/src/unisims/OBUF.v" Line 25. Module OBUF has a timescale but at least one module in design doesn't have timescale.
WARNING: [XSIM 43-4100] "/proj/xbuilds/SWIP/2025.1_0521_0003/installs/lin64/2025.1/data/verilog/src/unisims/LUT6.v" Line 30. Module LUT6 has a timescale but at least one module in design doesn't have timescale.
WARNING: [XSIM 43-4100] "/proj/xbuilds/SWIP/2025.1_0521_0003/installs/lin64/2025.1/data/verilog/src/unisims/LUT2.v" Line 28. Module LUT2 has a timescale but at least one module in design doesn't have timescale.
WARNING: [XSIM 43-4100] "/proj/xbuilds/SWIP/2025.1_0521_0003/installs/lin64/2025.1/data/verilog/src/unisims/LUT2.v" Line 65. Module x_lut2_mux4 has a timescale but at least one module in design doesn't have timescale.
WARNING: [XSIM 43-4100] "/proj/xbuilds/SWIP/2025.1_0521_0003/installs/lin64/2025.1/data/verilog/src/unisims/LUT6.v" Line 30. Module LUT6 has a timescale but at least one module in design doesn't have timescale.
WARNING: [XSIM 43-4100] "/proj/xbuilds/SWIP/2025.1_0521_0003/installs/lin64/2025.1/data/verilog/src/unisims/RAMB18E1.v" Line 68. Module RAMB18E1(RAM_MODE="SDP",READ_WIDTH_A=36,WRITE_MODE_A="READ_FIRST",WRITE_MODE_B="READ_FIRST",WRITE_WIDTH_B=36) has a timescale but at least one module in design doesn't have timescale.
WARNING: [XSIM 43-4100] "/proj/xbuilds/SWIP/2025.1_0521_0003/installs/lin64/2025.1/data/verilog/src/unisims/RAMB18E1.v" Line 1076. Module RB18_INTERNAL_VLOG(RAM_MODE="SDP",READ_WIDTH_A=36,READ_WIDTH_B=36,WRITE_MODE_A="READ_FIRST",WRITE_MODE_B="READ_FIRST",WRITE_WIDTH_A=36,WRITE_WIDTH_B=36,BRAM_SIZE=18) has a timescale but at least one module in design doesn't have timescale.
WARNING: [XSIM 43-4100] "/proj/xbuilds/SWIP/2025.1_0521_0003/installs/lin64/2025.1/data/verilog/src/unisims/LUT6.v" Line 30. Module LUT6 has a timescale but at least one module in design doesn't have timescale.
WARNING: [XSIM 43-4100] "/proj/xbuilds/SWIP/2025.1_0521_0003/installs/lin64/2025.1/data/verilog/src/unisims/OBUF.v" Line 25. Module OBUF has a timescale but at least one module in design doesn't have timescale.
WARNING: [XSIM 43-4100] "/proj/xbuilds/SWIP/2025.1_0521_0003/installs/lin64/2025.1/data/verilog/src/unisims/OBUF.v" Line 25. Module OBUF has a timescale but at least one module in design doesn't have timescale.
WARNING: [XSIM 43-4100] "/proj/xbuilds/SWIP/2025.1_0521_0003/installs/lin64/2025.1/data/verilog/src/unisims/OBUF.v" Line 25. Module OBUF has a timescale but at least one module in design doesn't have timescale.
WARNING: [XSIM 43-4100] "/proj/xbuilds/SWIP/2025.1_0521_0003/installs/lin64/2025.1/data/verilog/src/unisims/OBUF.v" Line 25. Module OBUF has a timescale but at least one module in design doesn't have timescale.
WARNING: [XSIM 43-4100] "/proj/xbuilds/SWIP/2025.1_0521_0003/installs/lin64/2025.1/data/verilog/src/unisims/OBUF.v" Line 25. Module OBUF has a timescale but at least one module in design doesn't have timescale.
WARNING: [XSIM 43-4100] "/proj/xbuilds/SWIP/2025.1_0521_0003/installs/lin64/2025.1/data/verilog/src/unisims/OBUF.v" Line 25. Module OBUF has a timescale but at least one module in design doesn't have timescale.
WARNING: [XSIM 43-4100] "/proj/xbuilds/SWIP/2025.1_0521_0003/installs/lin64/2025.1/data/verilog/src/unisims/OBUF.v" Line 25. Module OBUF has a timescale but at least one module in design doesn't have timescale.
WARNING: [XSIM 43-4100] "/proj/xbuilds/SWIP/2025.1_0521_0003/installs/lin64/2025.1/data/verilog/src/unisims/OBUF.v" Line 25. Module OBUF has a timescale but at least one module in design doesn't have timescale.
WARNING: [XSIM 43-4100] "/proj/xbuilds/SWIP/2025.1_0521_0003/installs/lin64/2025.1/data/verilog/src/unisims/OBUF.v" Line 25. Module OBUF has a timescale but at least one module in design doesn't have timescale.
WARNING: [XSIM 43-4100] "/proj/xbuilds/SWIP/2025.1_0521_0003/installs/lin64/2025.1/data/verilog/src/unisims/OBUF.v" Line 25. Module OBUF has a timescale but at least one module in design doesn't have timescale.
WARNING: [XSIM 43-4100] "/proj/xbuilds/SWIP/2025.1_0521_0003/installs/lin64/2025.1/data/verilog/src/unisims/OBUF.v" Line 25. Module OBUF has a timescale but at least one module in design doesn't have timescale.
WARNING: [XSIM 43-4100] "/proj/xbuilds/SWIP/2025.1_0521_0003/installs/lin64/2025.1/data/verilog/src/unisims/OBUF.v" Line 25. Module OBUF has a timescale but at least one module in design doesn't have timescale.
WARNING: [XSIM 43-4100] "/proj/xbuilds/SWIP/2025.1_0521_0003/installs/lin64/2025.1/data/verilog/src/unisims/OBUF.v" Line 25. Module OBUF has a timescale but at least one module in design doesn't have timescale.
WARNING: [XSIM 43-4100] "/proj/xbuilds/SWIP/2025.1_0521_0003/installs/lin64/2025.1/data/verilog/src/unisims/OBUF.v" Line 25. Module OBUF has a timescale but at least one module in design doesn't have timescale.
WARNING: [XSIM 43-4100] "/proj/xbuilds/SWIP/2025.1_0521_0003/installs/lin64/2025.1/data/verilog/src/unisims/OBUF.v" Line 25. Module OBUF has a timescale but at least one module in design doesn't have timescale.
WARNING: [XSIM 43-4100] "/proj/xbuilds/SWIP/2025.1_0521_0003/installs/lin64/2025.1/data/verilog/src/unisims/OBUF.v" Line 25. Module OBUF has a timescale but at least one module in design doesn't have timescale.
WARNING: [XSIM 43-4100] "/proj/xbuilds/SWIP/2025.1_0521_0003/installs/lin64/2025.1/data/verilog/src/unisims/OBUF.v" Line 25. Module OBUF has a timescale but at least one module in design doesn't have timescale.
WARNING: [XSIM 43-4100] "/proj/xbuilds/SWIP/2025.1_0521_0003/installs/lin64/2025.1/data/verilog/src/unisims/OBUF.v" Line 25. Module OBUF has a timescale but at least one module in design doesn't have timescale.
WARNING: [XSIM 43-4100] "/proj/xbuilds/SWIP/2025.1_0521_0003/installs/lin64/2025.1/data/verilog/src/unisims/OBUF.v" Line 25. Module OBUF has a timescale but at least one module in design doesn't have timescale.
WARNING: [XSIM 43-4100] "/proj/xbuilds/SWIP/2025.1_0521_0003/installs/lin64/2025.1/data/verilog/src/unisims/OBUF.v" Line 25. Module OBUF has a timescale but at least one module in design doesn't have timescale.
WARNING: [XSIM 43-4100] "/proj/xbuilds/SWIP/2025.1_0521_0003/installs/lin64/2025.1/data/verilog/src/unisims/OBUF.v" Line 25. Module OBUF has a timescale but at least one module in design doesn't have timescale.
WARNING: [XSIM 43-4100] "/proj/xbuilds/SWIP/2025.1_0521_0003/installs/lin64/2025.1/data/verilog/src/unisims/OBUF.v" Line 25. Module OBUF has a timescale but at least one module in design doesn't have timescale.
WARNING: [XSIM 43-4100] "/proj/xbuilds/SWIP/2025.1_0521_0003/installs/lin64/2025.1/data/verilog/src/unisims/OBUF.v" Line 25. Module OBUF has a timescale but at least one module in design doesn't have timescale.
WARNING: [XSIM 43-4100] "/proj/xbuilds/SWIP/2025.1_0521_0003/installs/lin64/2025.1/data/verilog/src/unisims/OBUF.v" Line 25. Module OBUF has a timescale but at least one module in design doesn't have timescale.
WARNING: [XSIM 43-4100] "/proj/xbuilds/SWIP/2025.1_0521_0003/installs/lin64/2025.1/data/verilog/src/unisims/OBUF.v" Line 25. Module OBUF has a timescale but at least one module in design doesn't have timescale.
WARNING: [XSIM 43-4100] "/proj/xbuilds/SWIP/2025.1_0521_0003/installs/lin64/2025.1/data/verilog/src/unisims/OBUF.v" Line 25. Module OBUF has a timescale but at least one module in design doesn't have timescale.
WARNING: [XSIM 43-4100] "/proj/xbuilds/SWIP/2025.1_0521_0003/installs/lin64/2025.1/data/verilog/src/unisims/OBUF.v" Line 25. Module OBUF has a timescale but at least one module in design doesn't have timescale.
WARNING: [XSIM 43-4100] "/proj/xbuilds/SWIP/2025.1_0521_0003/installs/lin64/2025.1/data/verilog/src/unisims/OBUF.v" Line 25. Module OBUF has a timescale but at least one module in design doesn't have timescale.
WARNING: [XSIM 43-4100] "/proj/xbuilds/SWIP/2025.1_0521_0003/installs/lin64/2025.1/data/verilog/src/unisims/OBUF.v" Line 25. Module OBUF has a timescale but at least one module in design doesn't have timescale.
WARNING: [XSIM 43-4100] "/proj/xbuilds/SWIP/2025.1_0521_0003/installs/lin64/2025.1/data/verilog/src/unisims/OBUF.v" Line 25. Module OBUF has a timescale but at least one module in design doesn't have timescale.
WARNING: [XSIM 43-4100] "/proj/xbuilds/SWIP/2025.1_0521_0003/installs/lin64/2025.1/data/verilog/src/unisims/OBUF.v" Line 25. Module OBUF has a timescale but at least one module in design doesn't have timescale.
WARNING: [XSIM 43-4100] "/proj/xbuilds/SWIP/2025.1_0521_0003/installs/lin64/2025.1/data/verilog/src/unisims/OBUF.v" Line 25. Module OBUF has a timescale but at least one module in design doesn't have timescale.
WARNING: [XSIM 43-4100] "/proj/xbuilds/SWIP/2025.1_0521_0003/installs/lin64/2025.1/data/verilog/src/unisims/LUT1.v" Line 27. Module LUT1 has a timescale but at least one module in design doesn't have timescale.
WARNING: [XSIM 43-4100] "/proj/xbuilds/SWIP/2025.1_0521_0003/installs/lin64/2025.1/data/verilog/src/unisims/LUT1.v" Line 62. Module x_lut1_mux2 has a timescale but at least one module in design doesn't have timescale.
WARNING: [XSIM 43-4100] "/proj/xbuilds/SWIP/2025.1_0521_0003/installs/lin64/2025.1/data/verilog/src/unisims/LUT2.v" Line 28. Module LUT2 has a timescale but at least one module in design doesn't have timescale.
WARNING: [XSIM 43-4100] "/proj/xbuilds/SWIP/2025.1_0521_0003/installs/lin64/2025.1/data/verilog/src/unisims/LUT2.v" Line 65. Module x_lut2_mux4 has a timescale but at least one module in design doesn't have timescale.
WARNING: [XSIM 43-4100] "/proj/xbuilds/SWIP/2025.1_0521_0003/installs/lin64/2025.1/data/verilog/src/unisims/LUT3.v" Line 28. Module LUT3 has a timescale but at least one module in design doesn't have timescale.
WARNING: [XSIM 43-4100] "/proj/xbuilds/SWIP/2025.1_0521_0003/installs/lin64/2025.1/data/verilog/src/unisims/LUT3.v" Line 67. Module x_lut3_mux8 has a timescale but at least one module in design doesn't have timescale.
WARNING: [XSIM 43-4100] "/proj/xbuilds/SWIP/2025.1_0521_0003/installs/lin64/2025.1/data/verilog/src/unisims/LUT4.v" Line 30. Module LUT4 has a timescale but at least one module in design doesn't have timescale.
WARNING: [XSIM 43-4100] "/proj/xbuilds/SWIP/2025.1_0521_0003/installs/lin64/2025.1/data/verilog/src/unisims/LUT5.v" Line 30. Module LUT5 has a timescale but at least one module in design doesn't have timescale.
WARNING: [XSIM 43-4100] "/proj/xbuilds/SWIP/2025.1_0521_0003/installs/lin64/2025.1/data/verilog/src/unisims/LUT5.v" Line 30. Module LUT5 has a timescale but at least one module in design doesn't have timescale.
WARNING: [XSIM 43-4100] "/proj/xbuilds/SWIP/2025.1_0521_0003/installs/lin64/2025.1/data/verilog/src/unisims/LUT6.v" Line 30. Module LUT6 has a timescale but at least one module in design doesn't have timescale.
WARNING: [XSIM 43-4100] "/proj/xbuilds/SWIP/2025.1_0521_0003/installs/lin64/2025.1/data/verilog/src/unisims/FDRE.v" Line 27. Module FDRE_default has a timescale but at least one module in design doesn't have timescale.
WARNING: [XSIM 43-4100] "/proj/xbuilds/SWIP/2025.1_0521_0003/installs/lin64/2025.1/data/verilog/src/unisims/FDRE.v" Line 27. Module FDRE_default has a timescale but at least one module in design doesn't have timescale.
WARNING: [XSIM 43-4100] "/proj/xbuilds/SWIP/2025.1_0521_0003/installs/lin64/2025.1/data/verilog/src/unisims/FDRE.v" Line 27. Module FDRE_default has a timescale but at least one module in design doesn't have timescale.
WARNING: [XSIM 43-4100] "/proj/xbuilds/SWIP/2025.1_0521_0003/installs/lin64/2025.1/data/verilog/src/unisims/FDRE.v" Line 27. Module FDRE_default has a timescale but at least one module in design doesn't have timescale.
WARNING: [XSIM 43-4100] "/proj/xbuilds/SWIP/2025.1_0521_0003/installs/lin64/2025.1/data/verilog/src/unisims/FDRE.v" Line 27. Module FDRE_default has a timescale but at least one module in design doesn't have timescale.
WARNING: [XSIM 43-4100] "/proj/xbuilds/SWIP/2025.1_0521_0003/installs/lin64/2025.1/data/verilog/src/unisims/FDRE.v" Line 27. Module FDRE_default has a timescale but at least one module in design doesn't have timescale.
WARNING: [XSIM 43-4100] "/proj/xbuilds/SWIP/2025.1_0521_0003/installs/lin64/2025.1/data/verilog/src/unisims/IBUF.v" Line 29. Module IBUF has a timescale but at least one module in design doesn't have timescale.
WARNING: [XSIM 43-4100] "/proj/xbuilds/SWIP/2025.1_0521_0003/installs/lin64/2025.1/data/verilog/src/unisims/IBUF.v" Line 29. Module IBUF has a timescale but at least one module in design doesn't have timescale.
WARNING: [XSIM 43-4100] "/proj/xbuilds/SWIP/2025.1_0521_0003/installs/lin64/2025.1/data/verilog/src/unisims/IBUF.v" Line 29. Module IBUF has a timescale but at least one module in design doesn't have timescale.
WARNING: [XSIM 43-4100] "/proj/xbuilds/SWIP/2025.1_0521_0003/installs/lin64/2025.1/data/verilog/src/unisims/IBUF.v" Line 29. Module IBUF has a timescale but at least one module in design doesn't have timescale.
WARNING: [XSIM 43-4100] "/proj/xbuilds/SWIP/2025.1_0521_0003/installs/lin64/2025.1/data/verilog/src/unisims/IBUF.v" Line 29. Module IBUF has a timescale but at least one module in design doesn't have timescale.
WARNING: [XSIM 43-4100] "/proj/xbuilds/SWIP/2025.1_0521_0003/installs/lin64/2025.1/data/verilog/src/unisims/IBUF.v" Line 29. Module IBUF has a timescale but at least one module in design doesn't have timescale.
WARNING: [XSIM 43-4100] "/proj/xbuilds/SWIP/2025.1_0521_0003/installs/lin64/2025.1/data/verilog/src/unisims/IBUF.v" Line 29. Module IBUF has a timescale but at least one module in design doesn't have timescale.
WARNING: [XSIM 43-4100] "/proj/xbuilds/SWIP/2025.1_0521_0003/installs/lin64/2025.1/data/verilog/src/unisims/IBUF.v" Line 29. Module IBUF has a timescale but at least one module in design doesn't have timescale.
WARNING: [XSIM 43-4100] "/proj/xbuilds/SWIP/2025.1_0521_0003/installs/lin64/2025.1/data/verilog/src/unisims/IBUF.v" Line 29. Module IBUF has a timescale but at least one module in design doesn't have timescale.
WARNING: [XSIM 43-4100] "/proj/xbuilds/SWIP/2025.1_0521_0003/installs/lin64/2025.1/data/verilog/src/unisims/IBUF.v" Line 29. Module IBUF has a timescale but at least one module in design doesn't have timescale.
WARNING: [XSIM 43-4100] "/proj/xbuilds/SWIP/2025.1_0521_0003/installs/lin64/2025.1/data/verilog/src/unisims/IBUF.v" Line 29. Module IBUF has a timescale but at least one module in design doesn't have timescale.
WARNING: [XSIM 43-4100] "/proj/xbuilds/SWIP/2025.1_0521_0003/installs/lin64/2025.1/data/verilog/src/unisims/IBUF.v" Line 29. Module IBUF has a timescale but at least one module in design doesn't have timescale.
WARNING: [XSIM 43-4100] "/proj/xbuilds/SWIP/2025.1_0521_0003/installs/lin64/2025.1/data/verilog/src/unisims/IBUF.v" Line 29. Module IBUF has a timescale but at least one module in design doesn't have timescale.
WARNING: [XSIM 43-4100] "/proj/xbuilds/SWIP/2025.1_0521_0003/installs/lin64/2025.1/data/verilog/src/unisims/IBUF.v" Line 29. Module IBUF has a timescale but at least one module in design doesn't have timescale.
WARNING: [XSIM 43-4100] "/proj/xbuilds/SWIP/2025.1_0521_0003/installs/lin64/2025.1/data/verilog/src/unisims/IBUF.v" Line 29. Module IBUF has a timescale but at least one module in design doesn't have timescale.
WARNING: [XSIM 43-4100] "/proj/xbuilds/SWIP/2025.1_0521_0003/installs/lin64/2025.1/data/verilog/src/unisims/IBUF.v" Line 29. Module IBUF has a timescale but at least one module in design doesn't have timescale.
WARNING: [XSIM 43-4100] "/proj/xbuilds/SWIP/2025.1_0521_0003/installs/lin64/2025.1/data/verilog/src/unisims/IBUF.v" Line 29. Module IBUF has a timescale but at least one module in design doesn't have timescale.
WARNING: [XSIM 43-4100] "/proj/xbuilds/SWIP/2025.1_0521_0003/installs/lin64/2025.1/data/verilog/src/unisims/IBUF.v" Line 29. Module IBUF has a timescale but at least one module in design doesn't have timescale.
WARNING: [XSIM 43-4100] "/proj/xbuilds/SWIP/2025.1_0521_0003/installs/lin64/2025.1/data/verilog/src/unisims/IBUF.v" Line 29. Module IBUF has a timescale but at least one module in design doesn't have timescale.
WARNING: [XSIM 43-4100] "/proj/xbuilds/SWIP/2025.1_0521_0003/installs/lin64/2025.1/data/verilog/src/unisims/IBUF.v" Line 29. Module IBUF has a timescale but at least one module in design doesn't have timescale.
WARNING: [XSIM 43-4100] "/proj/xbuilds/SWIP/2025.1_0521_0003/installs/lin64/2025.1/data/verilog/src/unisims/IBUF.v" Line 29. Module IBUF has a timescale but at least one module in design doesn't have timescale.
WARNING: [XSIM 43-4100] "/proj/xbuilds/SWIP/2025.1_0521_0003/installs/lin64/2025.1/data/verilog/src/unisims/IBUF.v" Line 29. Module IBUF has a timescale but at least one module in design doesn't have timescale.
WARNING: [XSIM 43-4100] "/proj/xbuilds/SWIP/2025.1_0521_0003/installs/lin64/2025.1/data/verilog/src/unisims/IBUF.v" Line 29. Module IBUF has a timescale but at least one module in design doesn't have timescale.
WARNING: [XSIM 43-4100] "/proj/xbuilds/SWIP/2025.1_0521_0003/installs/lin64/2025.1/data/verilog/src/unisims/IBUF.v" Line 29. Module IBUF has a timescale but at least one module in design doesn't have timescale.
WARNING: [XSIM 43-4100] "/proj/xbuilds/SWIP/2025.1_0521_0003/installs/lin64/2025.1/data/verilog/src/unisims/IBUF.v" Line 29. Module IBUF has a timescale but at least one module in design doesn't have timescale.
WARNING: [XSIM 43-4100] "/proj/xbuilds/SWIP/2025.1_0521_0003/installs/lin64/2025.1/data/verilog/src/unisims/IBUF.v" Line 29. Module IBUF has a timescale but at least one module in design doesn't have timescale.
WARNING: [XSIM 43-4100] "/proj/xbuilds/SWIP/2025.1_0521_0003/installs/lin64/2025.1/data/verilog/src/unisims/IBUF.v" Line 29. Module IBUF has a timescale but at least one module in design doesn't have timescale.
WARNING: [XSIM 43-4100] "/proj/xbuilds/SWIP/2025.1_0521_0003/installs/lin64/2025.1/data/verilog/src/unisims/IBUF.v" Line 29. Module IBUF has a timescale but at least one module in design doesn't have timescale.
WARNING: [XSIM 43-4100] "/proj/xbuilds/SWIP/2025.1_0521_0003/installs/lin64/2025.1/data/verilog/src/unisims/IBUF.v" Line 29. Module IBUF has a timescale but at least one module in design doesn't have timescale.
WARNING: [XSIM 43-4100] "/proj/xbuilds/SWIP/2025.1_0521_0003/installs/lin64/2025.1/data/verilog/src/unisims/IBUF.v" Line 29. Module IBUF has a timescale but at least one module in design doesn't have timescale.
WARNING: [XSIM 43-4100] "/proj/xbuilds/SWIP/2025.1_0521_0003/installs/lin64/2025.1/data/verilog/src/unisims/IBUF.v" Line 29. Module IBUF has a timescale but at least one module in design doesn't have timescale.
WARNING: [XSIM 43-4100] "/proj/xbuilds/SWIP/2025.1_0521_0003/installs/lin64/2025.1/data/verilog/src/unisims/IBUF.v" Line 29. Module IBUF has a timescale but at least one module in design doesn't have timescale.
WARNING: [XSIM 43-4100] "/proj/xbuilds/SWIP/2025.1_0521_0003/installs/lin64/2025.1/data/verilog/src/unisims/IBUF.v" Line 29. Module IBUF has a timescale but at least one module in design doesn't have timescale.
WARNING: [XSIM 43-4100] "/proj/xbuilds/SWIP/2025.1_0521_0003/installs/lin64/2025.1/data/verilog/src/unisims/IBUF.v" Line 29. Module IBUF has a timescale but at least one module in design doesn't have timescale.
WARNING: [XSIM 43-4100] "/proj/xbuilds/SWIP/2025.1_0521_0003/installs/lin64/2025.1/data/verilog/src/unisims/LUT1.v" Line 27. Module LUT1 has a timescale but at least one module in design doesn't have timescale.
WARNING: [XSIM 43-4100] "/proj/xbuilds/SWIP/2025.1_0521_0003/installs/lin64/2025.1/data/verilog/src/unisims/LUT1.v" Line 62. Module x_lut1_mux2 has a timescale but at least one module in design doesn't have timescale.
WARNING: [XSIM 43-4100] "/proj/xbuilds/SWIP/2025.1_0521_0003/installs/lin64/2025.1/data/verilog/src/unisims/LUT2.v" Line 28. Module LUT2 has a timescale but at least one module in design doesn't have timescale.
WARNING: [XSIM 43-4100] "/proj/xbuilds/SWIP/2025.1_0521_0003/installs/lin64/2025.1/data/verilog/src/unisims/LUT2.v" Line 65. Module x_lut2_mux4 has a timescale but at least one module in design doesn't have timescale.
WARNING: [XSIM 43-4100] "/proj/xbuilds/SWIP/2025.1_0521_0003/installs/lin64/2025.1/data/verilog/src/unisims/LUT3.v" Line 28. Module LUT3 has a timescale but at least one module in design doesn't have timescale.
WARNING: [XSIM 43-4100] "/proj/xbuilds/SWIP/2025.1_0521_0003/installs/lin64/2025.1/data/verilog/src/unisims/LUT3.v" Line 67. Module x_lut3_mux8 has a timescale but at least one module in design doesn't have timescale.
WARNING: [XSIM 43-4100] "/proj/xbuilds/SWIP/2025.1_0521_0003/installs/lin64/2025.1/data/verilog/src/unisims/LUT4.v" Line 30. Module LUT4 has a timescale but at least one module in design doesn't have timescale.
WARNING: [XSIM 43-4100] "/proj/xbuilds/SWIP/2025.1_0521_0003/installs/lin64/2025.1/data/verilog/src/unisims/LUT5.v" Line 30. Module LUT5 has a timescale but at least one module in design doesn't have timescale.
WARNING: [XSIM 43-4100] "/proj/xbuilds/SWIP/2025.1_0521_0003/installs/lin64/2025.1/data/verilog/src/unisims/LUT5.v" Line 30. Module LUT5 has a timescale but at least one module in design doesn't have timescale.
WARNING: [XSIM 43-4100] "/proj/xbuilds/SWIP/2025.1_0521_0003/installs/lin64/2025.1/data/verilog/src/unisims/LUT6.v" Line 30. Module LUT6 has a timescale but at least one module in design doesn't have timescale.
WARNING: [XSIM 43-4100] "/proj/xbuilds/SWIP/2025.1_0521_0003/installs/lin64/2025.1/data/verilog/src/unisims/LUT4.v" Line 30. Module LUT4 has a timescale but at least one module in design doesn't have timescale.
WARNING: [XSIM 43-4100] "/proj/xbuilds/SWIP/2025.1_0521_0003/installs/lin64/2025.1/data/verilog/src/unisims/FDRE.v" Line 27. Module FDRE_default has a timescale but at least one module in design doesn't have timescale.
WARNING: [XSIM 43-4100] "/proj/xbuilds/SWIP/2025.1_0521_0003/installs/lin64/2025.1/data/verilog/src/unisims/FDRE.v" Line 27. Module FDRE_default has a timescale but at least one module in design doesn't have timescale.
WARNING: [XSIM 43-4100] "/proj/xbuilds/SWIP/2025.1_0521_0003/installs/lin64/2025.1/data/verilog/src/unisims/FDRE.v" Line 27. Module FDRE_default has a timescale but at least one module in design doesn't have timescale.
WARNING: [XSIM 43-4100] "/proj/xbuilds/SWIP/2025.1_0521_0003/installs/lin64/2025.1/data/verilog/src/unisims/FDRE.v" Line 27. Module FDRE_default has a timescale but at least one module in design doesn't have timescale.
WARNING: [XSIM 43-4100] "/proj/xbuilds/SWIP/2025.1_0521_0003/installs/lin64/2025.1/data/verilog/src/unisims/FDRE.v" Line 27. Module FDRE_default has a timescale but at least one module in design doesn't have timescale.
WARNING: [XSIM 43-4100] "/proj/xbuilds/SWIP/2025.1_0521_0003/installs/lin64/2025.1/data/verilog/src/unisims/FDRE.v" Line 27. Module FDRE_default has a timescale but at least one module in design doesn't have timescale.
WARNING: [XSIM 43-4100] "/proj/xbuilds/SWIP/2025.1_0521_0003/installs/lin64/2025.1/data/verilog/src/unisims/IBUF.v" Line 29. Module IBUF has a timescale but at least one module in design doesn't have timescale.
WARNING: [XSIM 43-4100] "/home/voidknight/RISCV/RISCV.sim/sim_1/synth/func/xsim/fifo_tb_func_synth.v" Line 694. Module glbl has a timescale but at least one module in design doesn't have timescale.
WARNING: [XSIM 43-4100] "/home/voidknight/RISCV/RISCV.sim/sim_1/synth/func/xsim/fifo_tb_func_synth.v" Line 694. Module glbl has a timescale but at least one module in design doesn't have timescale.
Completed simulation data flow analysis
Time Resolution for simulation is 1ps
Compiling module unisims_ver.BUFG
Compiling module unisims_ver.IBUF
Compiling module unisims_ver.OBUF
Compiling module unisims_ver.LUT6
Compiling module unisims_ver.x_lut2_mux4
Compiling module unisims_ver.LUT2
Compiling module unisims_ver.RB18_INTERNAL_VLOG(RAM_MODE="SDP...
Compiling module unisims_ver.RAMB18E1(RAM_MODE="SDP",READ_WID...
Compiling module unisims_ver.x_lut1_mux2
Compiling module unisims_ver.LUT1
Compiling module unisims_ver.x_lut3_mux8
Compiling module unisims_ver.LUT3
Compiling module unisims_ver.LUT4
Compiling module unisims_ver.LUT5
Compiling module unisims_ver.FDRE_default
Compiling module xil_defaultlib.fifo_buffer
Compiling module xil_defaultlib.fifo_tb
Compiling module xil_defaultlib.glbl
Built simulation snapshot fifo_tb_func_synth
